<?xml version="1.0" encoding="UTF-8"?>
<!-- Generated by org.testng.reporters.JUnitReportReporter -->
<testsuite skipped="0" hostname="PREETISH-PC" name="pagestest.AdminLogintest" tests="3" failures="0" timestamp="2021-09-26T16:00:10 IST" time="29.573" errors="0">
  <testcase name="checkingLink" time="10.594" classname="pagestest.AdminLogintest"/>
  <system-out/>
  <testcase name="logincredential" time="12.191" classname="pagestest.AdminLogintest"/>
  <system-out/>
  <testcase name="checkingLogo" time="6.788" classname="pagestest.AdminLogintest"/>
  <system-out/>
</testsuite> <!-- pagestest.AdminLogintest -->
