<?xml version="1.0" encoding="UTF-8"?>
<!-- Generated by org.testng.reporters.JUnitReportReporter -->
<testsuite skipped="0" hostname="PREETISH-PC" name="pagestest.AdminLogintest" tests="3" failures="0" timestamp="26 Sep 2021 10:11:12 GMT" time="44.495" errors="0">
  <testcase name="checkingLink" time="12.569" classname="pagestest.AdminLogintest"/>
  <testcase name="checkingLogo" time="12.084" classname="pagestest.AdminLogintest"/>
  <testcase name="logincredential" time="19.842" classname="pagestest.AdminLogintest"/>
</testsuite> <!-- pagestest.AdminLogintest -->
